<?xml version="1.0" encoding="UTF-8"?>
<testsuite xmlns:xsi="http://www.w3.org/2001/XMLSchema-instance" xsi:noNamespaceSchemaLocation="https://maven.apache.org/surefire/maven-surefire-plugin/xsd/surefire-test-report.xsd" name="me.roshanadh.productservice.ProductServiceApplicationTests" time="13.807" tests="2" errors="0" skipped="0" failures="0">
  <properties>
[...]
</properties>
  <testcase name="shouldCreateProduct" classname="me.roshanadh.productservice.ProductServiceApplicationTests" time="0.599"/>
  <testcase name="shouldGetAllProducts" classname="me.roshanadh.productservice.ProductServiceApplicationTests" time="0.051"/>
</testsuite>